<?xml version="1.0" encoding="UTF-8"?>
<!-- Generated by org.testng.reporters.JUnitXMLReporter -->
<testsuite ignored="0" hostname="Vikas-Prabhakaran" failures="0" tests="9" name="Default test" time="40.613" errors="0" timestamp="2024-11-16T18:21:01 IST">
  <testcase classname="hrmsProject.mavenProject1.HrmsLoginTest" name="logo" time="0.188"/>
  <testcase classname="hrmsProject.mavenProject1.HrmsLoginTest" name="loginPageLogo" time="0.086"/>
  <testcase classname="hrmsProject.mavenProject1.HrmsLoginTest" name="loginPageTitle" time="0.133"/>
  <testcase classname="hrmsProject.mavenProject1.HrmsLoginTest" name="imageInTheLoginPage" time="0.229"/>
  <testcase classname="hrmsProject.mavenProject1.HrmsLoginTest" name="keepMeLoggedIn" time="0.629"/>
  <testcase classname="hrmsProject.mavenProject1.HrmsLoginTest" name="forgotPasswordDisplayed" time="0.116"/>
  <testcase classname="hrmsProject.mavenProject1.HrmsLoginTest" name="showPasswordIcon" time="7.347"/>
  <testcase classname="hrmsProject.mavenProject1.HrmsLoginTest" name="invalidCredentials" time="2.85"/>
  <testcase classname="hrmsProject.mavenProject1.HrmsLoginTest" name="validCredentials" time="6.152"/>
</testsuite> <!-- Default test -->
