<?xml version="1.0" encoding="UTF-8"?>
<testng-results ignored="0" total="16" passed="16" failed="0" skipped="0">
  <reporter-output>
  </reporter-output>
  <suite started-at="2024-12-03T14:23:54 IST" name="Suite" finished-at="2024-12-03T14:25:29 IST" duration-ms="95081">
    <groups>
    </groups>
    <test started-at="2024-12-03T14:23:54 IST" name="Test" finished-at="2024-12-03T14:25:29 IST" duration-ms="95081">
      <class name="hrmsProject.mavenProject1.HrmsLoginTest">
        <test-method is-config="true" signature="loadConfig()[pri:0, instance:hrmsProject.mavenProject1.HrmsLoginTest@37ceb1df]" started-at="2024-12-03T14:23:54 IST" name="loadConfig" finished-at="2024-12-03T14:23:54 IST" duration-ms="32" status="PASS">
          <reporter-output>
          </reporter-output>
        </test-method> <!-- loadConfig -->
        <test-method is-config="true" signature="launchBrowser()[pri:0, instance:hrmsProject.mavenProject1.HrmsLoginTest@37ceb1df]" started-at="2024-12-03T14:23:54 IST" name="launchBrowser" finished-at="2024-12-03T14:24:16 IST" duration-ms="21742" status="PASS">
          <reporter-output>
          </reporter-output>
        </test-method> <!-- launchBrowser -->
        <test-method signature="logo()[pri:1, instance:hrmsProject.mavenProject1.HrmsLoginTest@37ceb1df]" started-at="2024-12-03T14:24:16 IST" name="logo" finished-at="2024-12-03T14:24:16 IST" duration-ms="191" status="PASS">
          <reporter-output>
          </reporter-output>
        </test-method> <!-- logo -->
        <test-method signature="loginPageLogo()[pri:2, instance:hrmsProject.mavenProject1.HrmsLoginTest@37ceb1df]" started-at="2024-12-03T14:24:16 IST" name="loginPageLogo" finished-at="2024-12-03T14:24:16 IST" duration-ms="45" status="PASS">
          <reporter-output>
          </reporter-output>
        </test-method> <!-- loginPageLogo -->
        <test-method signature="loginPageTitle()[pri:3, instance:hrmsProject.mavenProject1.HrmsLoginTest@37ceb1df]" started-at="2024-12-03T14:24:16 IST" name="loginPageTitle" finished-at="2024-12-03T14:24:16 IST" duration-ms="77" status="PASS">
          <reporter-output>
          </reporter-output>
        </test-method> <!-- loginPageTitle -->
        <test-method signature="imageInTheLoginPage()[pri:4, instance:hrmsProject.mavenProject1.HrmsLoginTest@37ceb1df]" started-at="2024-12-03T14:24:16 IST" name="imageInTheLoginPage" finished-at="2024-12-03T14:24:16 IST" duration-ms="107" status="PASS">
          <reporter-output>
          </reporter-output>
        </test-method> <!-- imageInTheLoginPage -->
        <test-method signature="keepMeLoggedIn()[pri:5, instance:hrmsProject.mavenProject1.HrmsLoginTest@37ceb1df]" started-at="2024-12-03T14:24:16 IST" name="keepMeLoggedIn" finished-at="2024-12-03T14:24:17 IST" duration-ms="667" status="PASS">
          <reporter-output>
          </reporter-output>
        </test-method> <!-- keepMeLoggedIn -->
        <test-method signature="forgotPasswordDisplayed()[pri:6, instance:hrmsProject.mavenProject1.HrmsLoginTest@37ceb1df]" started-at="2024-12-03T14:24:17 IST" name="forgotPasswordDisplayed" finished-at="2024-12-03T14:24:17 IST" duration-ms="90" status="PASS">
          <reporter-output>
          </reporter-output>
        </test-method> <!-- forgotPasswordDisplayed -->
        <test-method signature="showPasswordIcon()[pri:7, instance:hrmsProject.mavenProject1.HrmsLoginTest@37ceb1df]" started-at="2024-12-03T14:24:17 IST" name="showPasswordIcon" finished-at="2024-12-03T14:24:24 IST" duration-ms="7270" status="PASS">
          <reporter-output>
          </reporter-output>
        </test-method> <!-- showPasswordIcon -->
        <test-method signature="invalidCredentials()[pri:8, instance:hrmsProject.mavenProject1.HrmsLoginTest@37ceb1df]" started-at="2024-12-03T14:24:24 IST" name="invalidCredentials" finished-at="2024-12-03T14:24:27 IST" duration-ms="3066" status="PASS">
          <reporter-output>
          </reporter-output>
        </test-method> <!-- invalidCredentials -->
        <test-method signature="validCredentials()[pri:9, instance:hrmsProject.mavenProject1.HrmsLoginTest@37ceb1df]" started-at="2024-12-03T14:24:27 IST" name="validCredentials" finished-at="2024-12-03T14:24:33 IST" duration-ms="6050" status="PASS">
          <reporter-output>
          </reporter-output>
        </test-method> <!-- validCredentials -->
        <test-method is-config="true" signature="closeBrowser()[pri:0, instance:hrmsProject.mavenProject1.HrmsLoginTest@37ceb1df]" started-at="2024-12-03T14:24:33 IST" name="closeBrowser" finished-at="2024-12-03T14:24:36 IST" duration-ms="2119" status="PASS">
          <reporter-output>
          </reporter-output>
        </test-method> <!-- closeBrowser -->
      </class> <!-- hrmsProject.mavenProject1.HrmsLoginTest -->
      <class name="hrmsProject.mavenProject1.ResetPasswordTest">
        <test-method is-config="true" signature="launchBrowser()[pri:0, instance:hrmsProject.mavenProject1.ResetPasswordTest@6f4a47c7]" started-at="2024-12-03T14:24:36 IST" name="launchBrowser" finished-at="2024-12-03T14:24:46 IST" duration-ms="9988" status="PASS">
          <reporter-output>
          </reporter-output>
        </test-method> <!-- launchBrowser -->
        <test-method signature="resetPasswordPageLogo()[pri:1, instance:hrmsProject.mavenProject1.ResetPasswordTest@6f4a47c7]" started-at="2024-12-03T14:24:46 IST" name="resetPasswordPageLogo" finished-at="2024-12-03T14:24:49 IST" duration-ms="2978" status="PASS">
          <reporter-output>
          </reporter-output>
        </test-method> <!-- resetPasswordPageLogo -->
        <test-method signature="resetPasswordPageTitle()[pri:2, instance:hrmsProject.mavenProject1.ResetPasswordTest@6f4a47c7]" started-at="2024-12-03T14:24:49 IST" name="resetPasswordPageTitle" finished-at="2024-12-03T14:24:52 IST" duration-ms="3423" status="PASS">
          <reporter-output>
          </reporter-output>
        </test-method> <!-- resetPasswordPageTitle -->
        <test-method signature="goBackToLogin()[pri:3, instance:hrmsProject.mavenProject1.ResetPasswordTest@6f4a47c7]" started-at="2024-12-03T14:24:52 IST" name="goBackToLogin" finished-at="2024-12-03T14:24:57 IST" duration-ms="5312" status="PASS">
          <reporter-output>
          </reporter-output>
        </test-method> <!-- goBackToLogin -->
        <test-method signature="resetPwdRequiredfieldAlertMessage()[pri:4, instance:hrmsProject.mavenProject1.ResetPasswordTest@6f4a47c7]" started-at="2024-12-03T14:24:57 IST" name="resetPwdRequiredfieldAlertMessage" finished-at="2024-12-03T14:25:04 IST" duration-ms="7052" status="PASS">
          <reporter-output>
          </reporter-output>
        </test-method> <!-- resetPwdRequiredfieldAlertMessage -->
        <test-method signature="invalidEmailID()[pri:5, instance:hrmsProject.mavenProject1.ResetPasswordTest@6f4a47c7]" started-at="2024-12-03T14:25:04 IST" name="invalidEmailID" finished-at="2024-12-03T14:25:13 IST" duration-ms="8477" status="PASS">
          <reporter-output>
          </reporter-output>
        </test-method> <!-- invalidEmailID -->
        <test-method signature="clickCancelButtonWhichIsInTheErrorPopup()[pri:6, instance:hrmsProject.mavenProject1.ResetPasswordTest@6f4a47c7]" started-at="2024-12-03T14:25:13 IST" name="clickCancelButtonWhichIsInTheErrorPopup" finished-at="2024-12-03T14:25:22 IST" duration-ms="9044" status="PASS">
          <reporter-output>
          </reporter-output>
        </test-method> <!-- clickCancelButtonWhichIsInTheErrorPopup -->
        <test-method signature="forgotPassword()[pri:7, instance:hrmsProject.mavenProject1.ResetPasswordTest@6f4a47c7]" started-at="2024-12-03T14:25:22 IST" name="forgotPassword" finished-at="2024-12-03T14:25:27 IST" duration-ms="5526" status="PASS">
          <reporter-output>
          </reporter-output>
        </test-method> <!-- forgotPassword -->
        <test-method is-config="true" signature="closeBrowser()[pri:0, instance:hrmsProject.mavenProject1.ResetPasswordTest@6f4a47c7]" started-at="2024-12-03T14:25:27 IST" name="closeBrowser" finished-at="2024-12-03T14:25:29 IST" duration-ms="1559" status="PASS">
          <reporter-output>
          </reporter-output>
        </test-method> <!-- closeBrowser -->
      </class> <!-- hrmsProject.mavenProject1.ResetPasswordTest -->
    </test> <!-- Test -->
  </suite> <!-- Suite -->
</testng-results>
