<?xml version="1.0" encoding="UTF-8"?>
<!-- Generated by org.testng.reporters.JUnitXMLReporter -->
<testsuite ignored="1" hostname="Vikas-Prabhakaran" failures="0" tests="16" name="Test" time="95.081" errors="0" timestamp="2024-12-03T14:25:29 IST">
  <testcase classname="hrmsProject.mavenProject1.HrmsLoginTest" name="logo" time="0.191"/>
  <testcase classname="hrmsProject.mavenProject1.HrmsLoginTest" name="loginPageLogo" time="0.045"/>
  <testcase classname="hrmsProject.mavenProject1.HrmsLoginTest" name="loginPageTitle" time="0.077"/>
  <testcase classname="hrmsProject.mavenProject1.HrmsLoginTest" name="imageInTheLoginPage" time="0.107"/>
  <testcase classname="hrmsProject.mavenProject1.HrmsLoginTest" name="keepMeLoggedIn" time="0.667"/>
  <testcase classname="hrmsProject.mavenProject1.HrmsLoginTest" name="forgotPasswordDisplayed" time="0.09"/>
  <testcase classname="hrmsProject.mavenProject1.HrmsLoginTest" name="showPasswordIcon" time="7.27"/>
  <testcase classname="hrmsProject.mavenProject1.HrmsLoginTest" name="invalidCredentials" time="3.066"/>
  <testcase classname="hrmsProject.mavenProject1.HrmsLoginTest" name="validCredentials" time="6.05"/>
  <testcase classname="hrmsProject.mavenProject1.ResetPasswordTest" name="resetPasswordPageLogo" time="2.978"/>
  <testcase classname="hrmsProject.mavenProject1.ResetPasswordTest" name="resetPasswordPageTitle" time="3.423"/>
  <testcase classname="hrmsProject.mavenProject1.ResetPasswordTest" name="goBackToLogin" time="5.312"/>
  <testcase classname="hrmsProject.mavenProject1.ResetPasswordTest" name="resetPwdRequiredfieldAlertMessage" time="7.052"/>
  <testcase classname="hrmsProject.mavenProject1.ResetPasswordTest" name="invalidEmailID" time="8.477"/>
  <testcase classname="hrmsProject.mavenProject1.ResetPasswordTest" name="clickCancelButtonWhichIsInTheErrorPopup" time="9.044"/>
  <testcase classname="hrmsProject.mavenProject1.ResetPasswordTest" name="forgotPassword" time="5.526"/>
  <testcase classname="baseClassHRMS.BaseClass" name="@BeforeTest loadConfig" time="0.0">
    <ignored/>
  </testcase> <!-- @BeforeTest loadConfig -->
</testsuite> <!-- Test -->
