<?xml version="1.0" encoding="UTF-8"?>
<!-- Generated by org.testng.reporters.JUnitXMLReporter -->
<testsuite ignored="1" hostname="Vikas-Prabhakaran" failures="0" tests="16" name="Test" time="76.965" errors="0" timestamp="2024-11-20T10:28:38 IST">
  <testcase classname="hrmsProject.mavenProject1.HrmsLoginTest" name="logo" time="0.222"/>
  <testcase classname="hrmsProject.mavenProject1.HrmsLoginTest" name="loginPageLogo" time="0.042"/>
  <testcase classname="hrmsProject.mavenProject1.HrmsLoginTest" name="loginPageTitle" time="0.074"/>
  <testcase classname="hrmsProject.mavenProject1.HrmsLoginTest" name="imageInTheLoginPage" time="0.077"/>
  <testcase classname="hrmsProject.mavenProject1.HrmsLoginTest" name="keepMeLoggedIn" time="0.274"/>
  <testcase classname="hrmsProject.mavenProject1.HrmsLoginTest" name="forgotPasswordDisplayed" time="0.074"/>
  <testcase classname="hrmsProject.mavenProject1.HrmsLoginTest" name="showPasswordIcon" time="6.955"/>
  <testcase classname="hrmsProject.mavenProject1.HrmsLoginTest" name="invalidCredentials" time="2.426"/>
  <testcase classname="hrmsProject.mavenProject1.HrmsLoginTest" name="validCredentials" time="5.635"/>
  <testcase classname="hrmsProject.mavenProject1.ResetPasswordTest" name="resetPasswordPageLogo" time="1.714"/>
  <testcase classname="hrmsProject.mavenProject1.ResetPasswordTest" name="resetPasswordPageTitle" time="3.437"/>
  <testcase classname="hrmsProject.mavenProject1.ResetPasswordTest" name="goBackToLogin" time="7.697"/>
  <testcase classname="hrmsProject.mavenProject1.ResetPasswordTest" name="resetPwdRequiredfieldAlertMessage" time="5.983"/>
  <testcase classname="hrmsProject.mavenProject1.ResetPasswordTest" name="invalidEmailID" time="6.547"/>
  <testcase classname="hrmsProject.mavenProject1.ResetPasswordTest" name="clickCancelButtonWhichIsInTheErrorPopup" time="8.58"/>
  <testcase classname="hrmsProject.mavenProject1.ResetPasswordTest" name="forgotPassword" time="5.078"/>
  <testcase classname="baseClassHRMS.BaseClass" name="@BeforeTest loadConfig" time="0.0">
    <ignored/>
  </testcase> <!-- @BeforeTest loadConfig -->
</testsuite> <!-- Test -->
